<?xml version="1.0" encoding="UTF-8"?>
<!-- Generated by org.testng.reporters.JUnitXMLReporter -->
<testsuite hostname="DESKTOP-KFO17RS" ignored="0" name="Default test" tests="5" failures="0" timestamp="2020-04-23T07:21:54 PDT" time="0.142" errors="0">
  <testcase name="testOneNegNum" time="0.01" classname="com.ip.lambdaexpression.BinaryOperatorTest"/>
  <testcase name="testTwoNegNum" time="0.002" classname="com.ip.lambdaexpression.BinaryOperatorTest"/>
  <testcase name="testTwoNum" time="0.003" classname="com.ip.lambdaexpression.BinaryOperatorTest"/>
  <testcase name="testWithLargeNum" time="0.001" classname="com.ip.lambdaexpression.BinaryOperatorTest"/>
  <testcase name="testWithZero" time="0.001" classname="com.ip.lambdaexpression.BinaryOperatorTest"/>
</testsuite> <!-- Default test -->
