<?xml version="1.0" encoding="UTF-8"?>
<testng-results skipped="0" failed="0" ignored="0" total="5" passed="5">
  <reporter-output>
  </reporter-output>
  <suite name="Default suite" duration-ms="142" started-at="2020-04-23T07:21:54 PDT" finished-at="2020-04-23T07:21:54 PDT">
    <groups>
    </groups>
    <test name="Default test" duration-ms="142" started-at="2020-04-23T07:21:54 PDT" finished-at="2020-04-23T07:21:54 PDT">
      <class name="com.ip.lambdaexpression.BinaryOperatorTest">
        <test-method status="PASS" signature="setUp()[pri:0, instance:com.ip.lambdaexpression.BinaryOperatorTest@5ae63ade]" name="setUp" is-config="true" duration-ms="61" started-at="2020-04-23T07:21:54 PDT" finished-at="2020-04-23T07:21:54 PDT">
          <reporter-output>
          </reporter-output>
        </test-method> <!-- setUp -->
        <test-method status="PASS" signature="testOneNegNum()[pri:0, instance:com.ip.lambdaexpression.BinaryOperatorTest@5ae63ade]" name="testOneNegNum" duration-ms="10" started-at="2020-04-23T07:21:54 PDT" finished-at="2020-04-23T07:21:54 PDT">
          <reporter-output>
          </reporter-output>
        </test-method> <!-- testOneNegNum -->
        <test-method status="PASS" signature="testTwoNegNum()[pri:0, instance:com.ip.lambdaexpression.BinaryOperatorTest@5ae63ade]" name="testTwoNegNum" duration-ms="2" started-at="2020-04-23T07:21:54 PDT" finished-at="2020-04-23T07:21:54 PDT">
          <reporter-output>
          </reporter-output>
        </test-method> <!-- testTwoNegNum -->
        <test-method status="PASS" signature="testTwoNum()[pri:0, instance:com.ip.lambdaexpression.BinaryOperatorTest@5ae63ade]" name="testTwoNum" duration-ms="3" started-at="2020-04-23T07:21:54 PDT" finished-at="2020-04-23T07:21:54 PDT">
          <reporter-output>
          </reporter-output>
        </test-method> <!-- testTwoNum -->
        <test-method status="PASS" signature="testWithLargeNum()[pri:0, instance:com.ip.lambdaexpression.BinaryOperatorTest@5ae63ade]" name="testWithLargeNum" duration-ms="1" started-at="2020-04-23T07:21:54 PDT" finished-at="2020-04-23T07:21:54 PDT">
          <reporter-output>
          </reporter-output>
        </test-method> <!-- testWithLargeNum -->
        <test-method status="PASS" signature="testWithZero()[pri:0, instance:com.ip.lambdaexpression.BinaryOperatorTest@5ae63ade]" name="testWithZero" duration-ms="1" started-at="2020-04-23T07:21:54 PDT" finished-at="2020-04-23T07:21:54 PDT">
          <reporter-output>
          </reporter-output>
        </test-method> <!-- testWithZero -->
      </class> <!-- com.ip.lambdaexpression.BinaryOperatorTest -->
    </test> <!-- Default test -->
  </suite> <!-- Default suite -->
</testng-results>
